2016-06-06T15:04:12.537 Start SearchClaims-Post
SearchClaims-Post - Request:
{ "sponsorID": "${#TestCase#Property1}", "beneficiaryID": "${#TestCase#Property2}"  , "dateOption" :  "daterange",   "startDate" :"${#TestCase#Property3}", "endDate" :"${#TestCase#Property4}",  "languageTag" : "${#TestCase#Property5}" }
SearchClaims-Post - Response:
<Response xmlns="http://dispatcher-tmptst1.ose.optum.com/tricareservices/claims/api/rest/claimsv1/searchClaims">
   <claimList>
      <e>
         <EOB>true</EOB>
         <claimNumber>AC100000</claimNumber>
         <claimStatus>Completed</claimStatus>
         <endDate>02/25/2016</endDate>
         <providerName>MUNSTER HERMAN</providerName>
         <sensitiveClaimIndicator>B</sensitiveClaimIndicator>
         <startDate>02/20/2016</startDate>
         <totalAmtPaid>355.0</totalAmtPaid>
         <totalBilled>200.0</totalBilled>
      </e>
      <e>
         <EOB>true</EOB>
         <claimNumber>AC100020</claimNumber>
         <claimStatus>Completed</claimStatus>
         <endDate>12/14/2015</endDate>
         <providerName>MUNSTER HERMAN</providerName>
         <sensitiveClaimIndicator>B</sensitiveClaimIndicator>
         <startDate>11/29/2015</startDate>
         <totalAmtPaid>335.0</totalAmtPaid>
         <totalBilled>890.0</totalBilled>
      </e>
      <e>
         <EOB>false</EOB>
         <claimNumber>BC100030</claimNumber>
         <claimStatus>Completed</claimStatus>
         <endDate>12/25/2015</endDate>
         <providerName>MUNSTER, HERMAN</providerName>
         <sensitiveClaimIndicator>B</sensitiveClaimIndicator>
         <startDate>12/20/2012</startDate>
         <totalAmtPaid>2456.0</totalAmtPaid>
         <totalBilled>250.0</totalBilled>
      </e>
      <e>
         <EOB>true</EOB>
         <claimNumber>DC100040</claimNumber>
         <claimStatus>Completed</claimStatus>
         <endDate>11/20/2015</endDate>
         <providerName>MUNSTER, HERMAN</providerName>
         <sensitiveClaimIndicator>B</sensitiveClaimIndicator>
         <startDate>10/14/2015</startDate>
         <totalAmtPaid>335.0</totalAmtPaid>
         <totalBilled>2450.0</totalBilled>
      </e>
      <e>
         <EOB>true</EOB>
         <claimNumber>EF100050</claimNumber>
         <claimStatus>Completed</claimStatus>
         <endDate>01/25/2016</endDate>
         <providerName>MUNSTER, HERMAN</providerName>
         <sensitiveClaimIndicator>B</sensitiveClaimIndicator>
         <startDate>01/20/2016</startDate>
         <totalAmtPaid>450.0</totalAmtPaid>
         <totalBilled>400.0</totalBilled>
      </e>
      <e>
         <EOB>true</EOB>
         <claimNumber>TZ100060</claimNumber>
         <claimStatus>In Process</claimStatus>
         <endDate>10/25/2015</endDate>
         <providerName>MUNSTER, HERMAN</providerName>
         <sensitiveClaimIndicator>B</sensitiveClaimIndicator>
         <startDate>10/20/2015</startDate>
         <totalAmtPaid>335.0</totalAmtPaid>
         <totalBilled>345.0</totalBilled>
      </e>
      <e>
         <EOB>true</EOB>
         <claimNumber>100070</claimNumber>
         <claimStatus>In Process</claimStatus>
         <endDate>11/15/2015</endDate>
         <providerName>MUNSTER, HERMAN</providerName>
         <sensitiveClaimIndicator>B</sensitiveClaimIndicator>
         <startDate>11/10/2015</startDate>
         <totalAmtPaid>450.0</totalAmtPaid>
         <totalBilled>890.0</totalBilled>
      </e>
      <e>
         <EOB>true</EOB>
         <claimNumber>KM100080</claimNumber>
         <claimStatus>Returned or Transferred</claimStatus>
         <endDate>11/12/2015</endDate>
         <providerName>MUNSTER, HERMAN</providerName>
         <sensitiveClaimIndicator>B</sensitiveClaimIndicator>
         <startDate>11/10/2015</startDate>
         <totalAmtPaid>650.0</totalAmtPaid>
         <totalBilled>560.0</totalBilled>
      </e>
      <e>
         <EOB>true</EOB>
         <claimNumber>100090</claimNumber>
         <claimStatus>Returned or Transferred</claimStatus>
         <endDate>09/12/2015</endDate>
         <providerName>MUNSTER, HERMAN</providerName>
         <sensitiveClaimIndicator>B</sensitiveClaimIndicator>
         <startDate>09/10/2015</startDate>
         <totalAmtPaid>50.0</totalAmtPaid>
         <totalBilled>960.0</totalBilled>
      </e>
      <e>
         <EOB>true</EOB>
         <claimNumber>BD100100</claimNumber>
         <claimStatus>Returned or Transferred</claimStatus>
         <endDate>10/18/2015</endDate>
         <providerName>MUNSTER, HERMAN</providerName>
         <sensitiveClaimIndicator>B</sensitiveClaimIndicator>
         <startDate>10/20/2015</startDate>
         <totalAmtPaid>50.0</totalAmtPaid>
         <totalBilled>789.0</totalBilled>
      </e>
      <e>
         <EOB>true</EOB>
         <claimNumber>100200MM</claimNumber>
         <claimStatus>Returned or Transferred</claimStatus>
         <endDate>11/18/2015</endDate>
         <providerName>MUNSTER, HERMAN</providerName>
         <sensitiveClaimIndicator>B</sensitiveClaimIndicator>
         <startDate>11/20/2015</startDate>
         <totalAmtPaid>150.0</totalAmtPaid>
         <totalBilled>1789.0</totalBilled>
      </e>
      <e>
         <EOB>true</EOB>
         <claimNumber>AA100300</claimNumber>
         <claimStatus>Completed</claimStatus>
         <endDate>11/18/2015</endDate>
         <providerName>MUNSTER, HERMAN</providerName>
         <sensitiveClaimIndicator>B</sensitiveClaimIndicator>
         <startDate>11/20/2015</startDate>
         <totalAmtPaid>250.0</totalAmtPaid>
         <totalBilled>1789.0</totalBilled>
      </e>
      <e>
         <EOB>true</EOB>
         <claimNumber>100400</claimNumber>
         <claimStatus>Completed</claimStatus>
         <endDate>09/18/2015</endDate>
         <providerName>MUNSTER, HERMAN</providerName>
         <sensitiveClaimIndicator>B</sensitiveClaimIndicator>
         <startDate>09/20/2015</startDate>
         <totalAmtPaid>350.0</totalAmtPaid>
         <totalBilled>1789.0</totalBilled>
      </e>
      <e>
         <EOB>true</EOB>
         <claimNumber>100500</claimNumber>
         <claimStatus>Completed</claimStatus>
         <endDate>10/12/2015</endDate>
         <providerName>MUNSTER, HERMAN</providerName>
         <sensitiveClaimIndicator>B</sensitiveClaimIndicator>
         <startDate>10/04/2015</startDate>
         <totalAmtPaid>550.0</totalAmtPaid>
         <totalBilled>1789.0</totalBilled>
      </e>
      <e>
         <EOB>true</EOB>
         <claimNumber>100600</claimNumber>
         <claimStatus>Completed</claimStatus>
         <endDate>10/12/2015</endDate>
         <providerName>MUNSTER, HERMAN</providerName>
         <sensitiveClaimIndicator>B</sensitiveClaimIndicator>
         <startDate>10/04/2015</startDate>
         <totalAmtPaid>650.0</totalAmtPaid>
         <totalBilled>17678.0</totalBilled>
      </e>
      <e>
         <EOB>true</EOB>
         <claimNumber>100700</claimNumber>
         <claimStatus>Completed</claimStatus>
         <endDate>12/12/2015</endDate>
         <providerName>MUNSTER, HERMAN</providerName>
         <sensitiveClaimIndicator>B</sensitiveClaimIndicator>
         <startDate>12/04/2015</startDate>
         <totalAmtPaid>650.0</totalAmtPaid>
         <totalBilled>4578.0</totalBilled>
      </e>
      <e>
         <EOB>true</EOB>
         <claimNumber>100800</claimNumber>
         <claimStatus>Completed</claimStatus>
         <endDate>12/12/2015</endDate>
         <providerName>MUNSTER, HERMAN</providerName>
         <sensitiveClaimIndicator>B</sensitiveClaimIndicator>
         <startDate>12/04/2015</startDate>
         <totalAmtPaid>650.0</totalAmtPaid>
         <totalBilled>4578.0</totalBilled>
      </e>
      <e>
         <EOB>true</EOB>
         <claimNumber>100900</claimNumber>
         <claimStatus>Completed</claimStatus>
         <endDate>12/12/2015</endDate>
         <providerName>MUNSTER, HERMAN</providerName>
         <sensitiveClaimIndicator>B</sensitiveClaimIndicator>
         <startDate>12/04/2015</startDate>
         <totalAmtPaid>650.0</totalAmtPaid>
         <totalBilled>4578.0</totalBilled>
      </e>
      <e>
         <EOB>true</EOB>
         <claimNumber>102000</claimNumber>
         <claimStatus>Completed</claimStatus>
         <endDate>12/12/2015</endDate>
         <providerName>MUNSTER, HERMAN</providerName>
         <sensitiveClaimIndicator>B</sensitiveClaimIndicator>
         <startDate>12/04/2015</startDate>
         <totalAmtPaid>650.0</totalAmtPaid>
         <totalBilled>4578.0</totalBilled>
      </e>
      <e>
         <EOB>true</EOB>
         <claimNumber>102100</claimNumber>
         <claimStatus>Completed</claimStatus>
         <endDate>09/12/2015</endDate>
         <providerName>MUNSTER, HERMAN</providerName>
         <sensitiveClaimIndicator>B</sensitiveClaimIndicator>
         <startDate>09/04/2015</startDate>
         <totalAmtPaid>550.0</totalAmtPaid>
         <totalBilled>234.0</totalBilled>
      </e>
      <e>
         <EOB>true</EOB>
         <claimNumber>102200</claimNumber>
         <claimStatus>Completed</claimStatus>
         <endDate>09/12/2015</endDate>
         <providerName>MUNSTER, HERMAN</providerName>
         <sensitiveClaimIndicator>B</sensitiveClaimIndicator>
         <startDate>09/04/2015</startDate>
         <totalAmtPaid>550.0</totalAmtPaid>
         <totalBilled>234.0</totalBilled>
      </e>
      <e>
         <EOB>true</EOB>
         <claimNumber>102250</claimNumber>
         <claimStatus>Completed</claimStatus>
         <endDate>09/19/2015</endDate>
         <providerName>MUNSTER, HERMAN</providerName>
         <sensitiveClaimIndicator>B</sensitiveClaimIndicator>
         <startDate>09/15/2015</startDate>
         <totalAmtPaid>1550.0</totalAmtPaid>
         <totalBilled>556.0</totalBilled>
      </e>
      <e>
         <EOB>true</EOB>
         <claimNumber>102300</claimNumber>
         <claimStatus>Completed</claimStatus>
         <endDate>11/19/2015</endDate>
         <providerName>MUNSTER, HERMAN</providerName>
         <sensitiveClaimIndicator>B</sensitiveClaimIndicator>
         <startDate>11/15/2015</startDate>
         <totalAmtPaid>50.0</totalAmtPaid>
         <totalBilled>456.0</totalBilled>
      </e>
      <e>
         <EOB>true</EOB>
         <claimNumber>102350</claimNumber>
         <claimStatus>Completed</claimStatus>
         <endDate>11/19/2015</endDate>
         <providerName>MUNSTER, HERMAN</providerName>
         <sensitiveClaimIndicator>B</sensitiveClaimIndicator>
         <startDate>11/15/2015</startDate>
         <totalAmtPaid>50.0</totalAmtPaid>
         <totalBilled>456.0</totalBilled>
      </e>
      <e>
         <EOB>true</EOB>
         <claimNumber>102350BG</claimNumber>
         <claimStatus>Completed</claimStatus>
         <endDate>11/19/2015</endDate>
         <providerName>MUNSTER, HERMAN</providerName>
         <sensitiveClaimIndicator>B</sensitiveClaimIndicator>
         <startDate>11/15/2015</startDate>
         <totalAmtPaid>50.0</totalAmtPaid>
         <totalBilled>456.0</totalBilled>
      </e>
      <e>
         <EOB>true</EOB>
         <claimNumber>102450</claimNumber>
         <claimStatus>Completed</claimStatus>
         <endDate>11/19/2015</endDate>
         <providerName>MUNSTER, HERMAN</providerName>
         <sensitiveClaimIndicator>B</sensitiveClaimIndicator>
         <startDate>11/15/2015</startDate>
         <totalAmtPaid>250.0</totalAmtPaid>
         <totalBilled>458.0</totalBilled>
      </e>
      <e>
         <EOB>true</EOB>
         <claimNumber>102550</claimNumber>
         <claimStatus>Completed</claimStatus>
         <endDate>11/10/2015</endDate>
         <providerName>MUNSTER, HERMAN</providerName>
         <sensitiveClaimIndicator>B</sensitiveClaimIndicator>
         <startDate>11/05/2015</startDate>
         <totalAmtPaid>250.0</totalAmtPaid>
         <totalBilled>458.0</totalBilled>
      </e>
      <e>
         <EOB>true</EOB>
         <claimNumber>DZ77550</claimNumber>
         <claimStatus>Completed</claimStatus>
         <endDate>11/08/2015</endDate>
         <providerName>MUNSTER, HERMAN</providerName>
         <sensitiveClaimIndicator>B</sensitiveClaimIndicator>
         <startDate>11/02/2015</startDate>
         <totalAmtPaid>600.0</totalAmtPaid>
         <totalBilled>658.0</totalBilled>
      </e>
      <e>
         <EOB>true</EOB>
         <claimNumber>DZ77650</claimNumber>
         <claimStatus>Completed</claimStatus>
         <endDate>11/08/2015</endDate>
         <providerName>MUNSTER, HERMAN</providerName>
         <sensitiveClaimIndicator>B</sensitiveClaimIndicator>
         <startDate>11/02/2015</startDate>
         <totalAmtPaid>600.0</totalAmtPaid>
         <totalBilled>658.0</totalBilled>
      </e>
      <e>
         <EOB>true</EOB>
         <claimNumber>DZ77250</claimNumber>
         <claimStatus>Completed</claimStatus>
         <endDate>12/08/2015</endDate>
         <providerName>MUNSTER, HERMAN</providerName>
         <sensitiveClaimIndicator>B</sensitiveClaimIndicator>
         <startDate>12/02/2015</startDate>
         <totalAmtPaid>500.0</totalAmtPaid>
         <totalBilled>758.0</totalBilled>
      </e>
      <e>
         <EOB>true</EOB>
         <claimNumber>NU7455097</claimNumber>
         <claimStatus>Completed</claimStatus>
         <endDate>02/08/2016</endDate>
         <providerName>MUNSTER, HERMAN</providerName>
         <sensitiveClaimIndicator>B</sensitiveClaimIndicator>
         <startDate>02/02/2016</startDate>
         <totalAmtPaid>500.0</totalAmtPaid>
         <totalBilled>900.0</totalBilled>
      </e>
      <e>
         <EOB>true</EOB>
         <claimNumber>NU7655090</claimNumber>
         <claimStatus>Completed</claimStatus>
         <endDate>02/07/2016</endDate>
         <providerName>MUNSTER, HERMAN</providerName>
         <sensitiveClaimIndicator>B</sensitiveClaimIndicator>
         <startDate>02/01/2016</startDate>
         <totalAmtPaid>500.0</totalAmtPaid>
         <totalBilled>800.0</totalBilled>
      </e>
      <e>
         <EOB>true</EOB>
         <claimNumber>RR7665290</claimNumber>
         <claimStatus>Completed</claimStatus>
         <endDate>02/12/2016</endDate>
         <providerName>MUNSTER, HERMAN</providerName>
         <sensitiveClaimIndicator>B</sensitiveClaimIndicator>
         <startDate>02/10/2016</startDate>
         <totalAmtPaid>600.0</totalAmtPaid>
         <totalBilled>1900.0</totalBilled>
      </e>
      <e>
         <EOB>true</EOB>
         <claimNumber>RR7565390</claimNumber>
         <claimStatus>Completed</claimStatus>
         <endDate>02/11/2016</endDate>
         <providerName>MUNSTER, HERMAN</providerName>
         <sensitiveClaimIndicator>B</sensitiveClaimIndicator>
         <startDate>02/05/2016</startDate>
         <totalAmtPaid>500.0</totalAmtPaid>
         <totalBilled>1000.0</totalBilled>
      </e>
      <e>
         <EOB>true</EOB>
         <claimNumber>TR7565290</claimNumber>
         <claimStatus>Completed</claimStatus>
         <endDate>02/16/2016</endDate>
         <providerName>MUNSTER, HERMAN</providerName>
         <sensitiveClaimIndicator>B</sensitiveClaimIndicator>
         <startDate>02/15/2016</startDate>
         <totalAmtPaid>540.0</totalAmtPaid>
         <totalBilled>700.0</totalBilled>
      </e>
   </claimList>
   <formattedSSN>***-**-9000</formattedSSN>
   <success>true</success>
   <totalResults>35</totalResults>
   <type>claimSearchSummaryResponse</type>
</Response>
2016-06-06T15:04:14.100 End SearchClaims-Post
